#
# There is insufficient memory for the Java Runtime Environment to continue.
# Native memory allocation (malloc) failed to allocate 726896 bytes for Chunk::new
# Possible reasons:
#   The system is out of physical RAM or swap space
#   The process is running with CompressedOops enabled, and the Java Heap may be blocking the growth of the native heap
# Possible solutions:
#   Reduce memory load on the system
#   Increase physical memory or swap space
#   Check if swap backing store is full
#   Decrease Java heap size (-Xmx/-Xms)
#   Decrease number of Java threads
#   Decrease Java thread stack sizes (-Xss)
#   Set larger code cache with -XX:ReservedCodeCacheSize=
#   JVM is running with Unscaled Compressed Oops mode in which the Java heap is
#     placed in the first 4GB address space. The Java Heap base address is the
#     maximum limit for the native heap growth. Please use -XX:HeapBaseMinAddress
#     to set the Java Heap base and to place the Java Heap above 4GB virtual address.
# This output file may be truncated or incomplete.
#
#  Out of Memory Error (./open/src/hotspot/share/memory/arena.cpp:197), pid=45248, tid=55664
#
# JRE version: Java(TM) SE Runtime Environment 18.9 (11.0.17+10) (build 11.0.17+10-LTS-269)
# Java VM: Java HotSpot(TM) 64-Bit Server VM 18.9 (11.0.17+10-LTS-269, mixed mode, tiered, compressed oops, g1 gc, windows-amd64)
# No core dump will be written. Minidumps are not enabled by default on client versions of Windows
#

---------------  S U M M A R Y ------------

Command Line: --add-opens=java.base/java.util=ALL-UNNAMED -XX:+HeapDumpOnOutOfMemoryError -Xmx1024m -Dfile.encoding=utf8 -Duser.country=KR -Duser.language=ko -Duser.variant org.gradle.launcher.daemon.bootstrap.GradleDaemon 4.10.1

Host: AMD Ryzen 7 5800H with Radeon Graphics         , 16 cores, 15G,  Windows 10 , 64 bit Build 19041 (10.0.19041.3636)
Time: Mon Jan  8 16:02:35 2024  Windows 10 , 64 bit Build 19041 (10.0.19041.3636) elapsed time: 8.897012 seconds (0d 0h 0m 8s)

---------------  T H R E A D  ---------------

Current thread (0x000002203890e000):  JavaThread "C2 CompilerThread3" daemon [_thread_in_native, id=55664, stack(0x000000eef4100000,0x000000eef4200000)]


Current CompileTask:
C2:   8897 7171   !   4       java.lang.reflect.Executable::sharedToGenericString (321 bytes)

Stack: [0x000000eef4100000,0x000000eef4200000]
Native frames: (J=compiled Java code, j=interpreted, Vv=VM code, C=native code)
V  [jvm.dll+0x62b5da]
V  [jvm.dll+0x7653df]
V  [jvm.dll+0x766a89]
V  [jvm.dll+0x767113]
V  [jvm.dll+0x23dd28]
V  [jvm.dll+0xb2a1c]
V  [jvm.dll+0xb2fdc]
V  [jvm.dll+0x2aeaa4]
V  [jvm.dll+0x53e83b]
V  [jvm.dll+0x1fa1a9]
V  [jvm.dll+0x1f77dd]
V  [jvm.dll+0x177c91]
V  [jvm.dll+0x207296]
V  [jvm.dll+0x20542b]
V  [jvm.dll+0x72b2c0]
V  [jvm.dll+0x723e64]
V  [jvm.dll+0x62a485]
C  [ucrtbase.dll+0x21bb2]
C  [KERNEL32.DLL+0x17344]
C  [ntdll.dll+0x526b1]


---------------  P R O C E S S  ---------------

Threads class SMR info:
_java_thread_list=0x0000022037d7d8d0, length=50, elements={
0x0000022018656800, 0x0000022035338000, 0x0000022035339800, 0x0000022035bc8000,
0x0000022035bca800, 0x0000022035bce800, 0x0000022035bd2000, 0x0000022035be4000,
0x0000022035bf9800, 0x0000022035bfa000, 0x0000022035d66000, 0x0000022035bfc000,
0x0000022036ba7000, 0x0000022036483800, 0x0000022035bf7000, 0x0000022035bf7800,
0x0000022035bfb000, 0x0000022035bf8800, 0x0000022035bfc800, 0x0000022035bfd800,
0x0000022037c1b000, 0x0000022037c17000, 0x0000022037c1b800, 0x0000022037c18800,
0x0000022037c19000, 0x0000022037c1a000, 0x0000022037c17800, 0x0000022037c1c800,
0x0000022037c23000, 0x0000022037c20000, 0x0000022037c20800, 0x0000022037c22000,
0x0000022037c24800, 0x0000022037c24000, 0x0000022037c21800, 0x000002203bb66800,
0x000002203bb65800, 0x000002203bb6c000, 0x000002203bb6d000, 0x000002203bb68000,
0x000002203bb6b800, 0x000002203bb69800, 0x000002203bb67000, 0x000002203bb6e800,
0x000002203bb6d800, 0x000002203bb69000, 0x000002203a130800, 0x000002203bb6f800,
0x000002203a66f000, 0x000002203890e000
}

Java Threads: ( => current thread )
  0x0000022018656800 JavaThread "main" [_thread_blocked, id=22316, stack(0x000000eeefb00000,0x000000eeefc00000)]
  0x0000022035338000 JavaThread "Reference Handler" daemon [_thread_blocked, id=47304, stack(0x000000eef0200000,0x000000eef0300000)]
  0x0000022035339800 JavaThread "Finalizer" daemon [_thread_blocked, id=62288, stack(0x000000eef0300000,0x000000eef0400000)]
  0x0000022035bc8000 JavaThread "Signal Dispatcher" daemon [_thread_blocked, id=31216, stack(0x000000eef0400000,0x000000eef0500000)]
  0x0000022035bca800 JavaThread "Attach Listener" daemon [_thread_blocked, id=24284, stack(0x000000eef0500000,0x000000eef0600000)]
  0x0000022035bce800 JavaThread "Service Thread" daemon [_thread_blocked, id=52844, stack(0x000000eef0600000,0x000000eef0700000)]
  0x0000022035bd2000 JavaThread "C2 CompilerThread0" daemon [_thread_in_native, id=55984, stack(0x000000eef0700000,0x000000eef0800000)]
  0x0000022035be4000 JavaThread "C1 CompilerThread0" daemon [_thread_blocked, id=61724, stack(0x000000eef0800000,0x000000eef0900000)]
  0x0000022035bf9800 JavaThread "Sweeper thread" daemon [_thread_blocked, id=25828, stack(0x000000eef0900000,0x000000eef0a00000)]
  0x0000022035bfa000 JavaThread "Common-Cleaner" daemon [_thread_blocked, id=56400, stack(0x000000eef0a00000,0x000000eef0b00000)]
  0x0000022035d66000 JavaThread "C1 CompilerThread1" daemon [_thread_blocked, id=53800, stack(0x000000eef0b00000,0x000000eef0c00000)]
  0x0000022035bfc000 JavaThread "Daemon health stats" [_thread_blocked, id=39048, stack(0x000000eef1600000,0x000000eef1700000)]
  0x0000022036ba7000 JavaThread "C1 CompilerThread2" daemon [_thread_blocked, id=46056, stack(0x000000eef0d00000,0x000000eef0e00000)]
  0x0000022036483800 JavaThread "C1 CompilerThread3" daemon [_thread_blocked, id=20624, stack(0x000000eef0e00000,0x000000eef0f00000)]
  0x0000022035bf7000 JavaThread "Incoming local TCP Connector on port 54825" [_thread_in_native, id=45916, stack(0x000000eef0f00000,0x000000eef1000000)]
  0x0000022035bf7800 JavaThread "Daemon periodic checks" [_thread_blocked, id=50932, stack(0x000000eef1500000,0x000000eef1600000)]
  0x0000022035bfb000 JavaThread "Daemon" [_thread_blocked, id=16108, stack(0x000000eef1700000,0x000000eef1800000)]
  0x0000022035bf8800 JavaThread "Handler for socket connection from /127.0.0.1:54825 to /127.0.0.1:54826" [_thread_in_native, id=13552, stack(0x000000eef1800000,0x000000eef1900000)]
  0x0000022035bfc800 JavaThread "Cancel handler" [_thread_blocked, id=61788, stack(0x000000eef1900000,0x000000eef1a00000)]
  0x0000022035bfd800 JavaThread "Daemon worker" [_thread_in_native, id=60468, stack(0x000000eef1a00000,0x000000eef1b00000)]
  0x0000022037c1b000 JavaThread "Asynchronous log dispatcher for DefaultDaemonConnection: socket connection from /127.0.0.1:54825 to /127.0.0.1:54826" [_thread_blocked, id=59376, stack(0x000000eef1b00000,0x000000eef1c00000)]
  0x0000022037c17000 JavaThread "Stdin handler" [_thread_blocked, id=35504, stack(0x000000eef1c00000,0x000000eef1d00000)]
  0x0000022037c1b800 JavaThread "Cache worker for file hash cache (C:\Users\ultra\.gradle\caches\4.10.1\fileHashes)" [_thread_blocked, id=60360, stack(0x000000eef1d00000,0x000000eef1e00000)]
  0x0000022037c18800 JavaThread "File lock request listener" [_thread_in_native, id=34028, stack(0x000000eef1e00000,0x000000eef1f00000)]
  0x0000022037c19000 JavaThread "File lock release action executor" [_thread_blocked, id=42844, stack(0x000000eef1f00000,0x000000eef2000000)]
  0x0000022037c1a000 JavaThread "Cache worker for file hash cache (E:\project\github\rationalowl-sample\device-app\android\Java\customPush\.gradle\4.10.1\fileHashes)" [_thread_blocked, id=48216, stack(0x000000eef2100000,0x000000eef2200000)]
  0x0000022037c17800 JavaThread "Cache worker for journal cache (C:\Users\ultra\.gradle\caches\journal-1)" [_thread_blocked, id=20512, stack(0x000000eef2b00000,0x000000eef2c00000)]
  0x0000022037c1c800 JavaThread "Cache worker for cache directory md-supplier (C:\Users\ultra\.gradle\caches\4.10.1\md-supplier)" [_thread_blocked, id=36432, stack(0x000000eef2d00000,0x000000eef2e00000)]
  0x0000022037c23000 JavaThread "Cache worker for cache directory md-rule (C:\Users\ultra\.gradle\caches\4.10.1\md-rule)" [_thread_blocked, id=56452, stack(0x000000eef2e00000,0x000000eef2f00000)]
  0x0000022037c20000 JavaThread "Cache worker for Artifact transforms cache (C:\Users\ultra\.gradle\caches\transforms-1)" [_thread_blocked, id=13344, stack(0x000000eef2f00000,0x000000eef3000000)]
  0x0000022037c20800 JavaThread "Build operations" [_thread_blocked, id=59564, stack(0x000000eef3000000,0x000000eef3100000)]
  0x0000022037c22000 JavaThread "Build operations Thread 2" [_thread_blocked, id=53416, stack(0x000000eef3100000,0x000000eef3200000)]
  0x0000022037c24800 JavaThread "Build operations Thread 3" [_thread_blocked, id=59048, stack(0x000000eef3200000,0x000000eef3300000)]
  0x0000022037c24000 JavaThread "Build operations Thread 4" [_thread_blocked, id=1932, stack(0x000000eef3300000,0x000000eef3400000)]
  0x0000022037c21800 JavaThread "Build operations Thread 5" [_thread_blocked, id=14076, stack(0x000000eef3400000,0x000000eef3500000)]
  0x000002203bb66800 JavaThread "Build operations Thread 6" [_thread_blocked, id=23108, stack(0x000000eef3500000,0x000000eef3600000)]
  0x000002203bb65800 JavaThread "Build operations Thread 7" [_thread_blocked, id=60448, stack(0x000000eef3600000,0x000000eef3700000)]
  0x000002203bb6c000 JavaThread "Build operations Thread 8" [_thread_blocked, id=59476, stack(0x000000eef3700000,0x000000eef3800000)]
  0x000002203bb6d000 JavaThread "Build operations Thread 9" [_thread_blocked, id=61196, stack(0x000000eef3800000,0x000000eef3900000)]
  0x000002203bb68000 JavaThread "Build operations Thread 10" [_thread_blocked, id=39844, stack(0x000000eef3900000,0x000000eef3a00000)]
  0x000002203bb6b800 JavaThread "Build operations Thread 11" [_thread_blocked, id=62396, stack(0x000000eef3a00000,0x000000eef3b00000)]
  0x000002203bb69800 JavaThread "Build operations Thread 12" [_thread_blocked, id=57556, stack(0x000000eef3b00000,0x000000eef3c00000)]
  0x000002203bb67000 JavaThread "Build operations Thread 13" [_thread_blocked, id=61464, stack(0x000000eef3c00000,0x000000eef3d00000)]
  0x000002203bb6e800 JavaThread "Build operations Thread 14" [_thread_blocked, id=21560, stack(0x000000eef3d00000,0x000000eef3e00000)]
  0x000002203bb6d800 JavaThread "Build operations Thread 15" [_thread_blocked, id=32016, stack(0x000000eef3e00000,0x000000eef3f00000)]
  0x000002203bb69000 JavaThread "Build operations Thread 16" [_thread_blocked, id=19260, stack(0x000000eef3f00000,0x000000eef4000000)]
  0x000002203a130800 JavaThread "C2 CompilerThread1" daemon [_thread_in_native, id=63476, stack(0x000000eef2000000,0x000000eef2100000)]
  0x000002203bb6f800 JavaThread "pool-1-thread-1" [_thread_blocked, id=31488, stack(0x000000eef2c00000,0x000000eef2d00000)]
  0x000002203a66f000 JavaThread "C2 CompilerThread2" daemon [_thread_in_native, id=41080, stack(0x000000eef4000000,0x000000eef4100000)]
=>0x000002203890e000 JavaThread "C2 CompilerThread3" daemon [_thread_in_native, id=55664, stack(0x000000eef4100000,0x000000eef4200000)]

Other Threads:
  0x0000022035336800 VMThread "VM Thread" [stack: 0x000000eef0100000,0x000000eef0200000] [id=52040]
  0x0000022035e0b000 WatcherThread [stack: 0x000000eef0c00000,0x000000eef0d00000] [id=36584]
  0x000002201866c800 GCTaskThread "GC Thread#0" [stack: 0x000000eeefc00000,0x000000eeefd00000] [id=40304]
  0x0000022036b02000 GCTaskThread "GC Thread#1" [stack: 0x000000eef1000000,0x000000eef1100000] [id=36800]
  0x0000022036b03000 GCTaskThread "GC Thread#2" [stack: 0x000000eef1100000,0x000000eef1200000] [id=39152]
  0x0000022036b03800 GCTaskThread "GC Thread#3" [stack: 0x000000eef1200000,0x000000eef1300000] [id=10700]
  0x0000022036c17000 GCTaskThread "GC Thread#4" [stack: 0x000000eef1300000,0x000000eef1400000] [id=20544]
  0x0000022036c18000 GCTaskThread "GC Thread#5" [stack: 0x000000eef1400000,0x000000eef1500000] [id=60992]
  0x0000022037e3d000 GCTaskThread "GC Thread#6" [stack: 0x000000eef2200000,0x000000eef2300000] [id=42668]
  0x0000022037e3d800 GCTaskThread "GC Thread#7" [stack: 0x000000eef2300000,0x000000eef2400000] [id=62488]
  0x0000022037e18000 GCTaskThread "GC Thread#8" [stack: 0x000000eef2400000,0x000000eef2500000] [id=61372]
  0x0000022037e18800 GCTaskThread "GC Thread#9" [stack: 0x000000eef2500000,0x000000eef2600000] [id=59692]
  0x0000022037e19800 GCTaskThread "GC Thread#10" [stack: 0x000000eef2600000,0x000000eef2700000] [id=50672]
  0x0000022037d06800 GCTaskThread "GC Thread#11" [stack: 0x000000eef2700000,0x000000eef2800000] [id=18728]
  0x0000022037d07800 GCTaskThread "GC Thread#12" [stack: 0x000000eef2800000,0x000000eef2900000] [id=26960]
  0x000002201868a800 ConcurrentGCThread "G1 Main Marker" [stack: 0x000000eeefd00000,0x000000eeefe00000] [id=58496]
  0x000002201868c800 ConcurrentGCThread "G1 Conc#0" [stack: 0x000000eeefe00000,0x000000eeeff00000] [id=62536]
  0x0000022036c99000 ConcurrentGCThread "G1 Conc#1" [stack: 0x000000eef2900000,0x000000eef2a00000] [id=40016]
  0x0000022037f16000 ConcurrentGCThread "G1 Conc#2" [stack: 0x000000eef2a00000,0x000000eef2b00000] [id=56016]
  0x000002201873d800 ConcurrentGCThread "G1 Refine#0" [stack: 0x000000eeeff00000,0x000000eef0000000] [id=54264]
  0x000002201873e800 ConcurrentGCThread "G1 Young RemSet Sampling" [stack: 0x000000eef0000000,0x000000eef0100000] [id=53488]

Threads with active compile tasks:
C2 CompilerThread0     8931 7178       4       java.lang.reflect.Executable::printModifiersIfNonzero (101 bytes)
C1 CompilerThread3     8931 7278   !   3       org.gradle.internal.serialize.kryo.KryoBackedDecoder::readLong (15 bytes)
C2 CompilerThread1     8931 7118       4       java.beans.MethodRef::set (58 bytes)
C2 CompilerThread2     8931 7139       4       java.lang.reflect.Method::getGenericExceptionTypes (5 bytes)
C2 CompilerThread3     8931 7171   !   4       java.lang.reflect.Executable::sharedToGenericString (321 bytes)

VM state:not at safepoint (normal execution)

VM Mutex/Monitor currently owned by a thread: None

Heap address: 0x00000000c0000000, size: 1024 MB, Compressed Oops mode: 32-bit
Narrow klass base: 0x0000000000000000, Narrow klass shift: 3
Compressed class space size: 1073741824 Address: 0x0000000100000000

Heap:
 garbage-first heap   total 260096K, used 134056K [0x00000000c0000000, 0x0000000100000000)
  region size 1024K, 98 young (100352K), 11 survivors (11264K)
 Metaspace       used 66788K, capacity 68368K, committed 68608K, reserved 1110016K
  class space    used 8426K, capacity 8904K, committed 8960K, reserved 1048576K
Heap Regions: E=young(eden), S=young(survivor), O=old, HS=humongous(starts), HC=humongous(continues), CS=collection set, F=free, A=archive, TAMS=top-at-mark-start (previous, next)
|   0|0x00000000c0000000, 0x00000000c0100000, 0x00000000c0100000|100%|HS|  |TAMS 0x00000000c0100000, 0x00000000c0000000| Complete 
|   1|0x00000000c0100000, 0x00000000c0200000, 0x00000000c0200000|100%|HC|  |TAMS 0x00000000c0200000, 0x00000000c0100000| Complete 
|   2|0x00000000c0200000, 0x00000000c0300000, 0x00000000c0300000|100%| O|  |TAMS 0x00000000c0300000, 0x00000000c0200000| Untracked 
|   3|0x00000000c0300000, 0x00000000c0400000, 0x00000000c0400000|100%| O|  |TAMS 0x00000000c0400000, 0x00000000c0300000| Untracked 
|   4|0x00000000c0400000, 0x00000000c0500000, 0x00000000c0500000|100%| O|  |TAMS 0x00000000c0500000, 0x00000000c0400000| Untracked 
|   5|0x00000000c0500000, 0x00000000c0600000, 0x00000000c0600000|100%| O|  |TAMS 0x00000000c0600000, 0x00000000c0500000| Untracked 
|   6|0x00000000c0600000, 0x00000000c0700000, 0x00000000c0700000|100%| O|  |TAMS 0x00000000c0700000, 0x00000000c0600000| Untracked 
|   7|0x00000000c0700000, 0x00000000c0800000, 0x00000000c0800000|100%| O|  |TAMS 0x00000000c0800000, 0x00000000c0700000| Untracked 
|   8|0x00000000c0800000, 0x00000000c0900000, 0x00000000c0900000|100%| O|  |TAMS 0x00000000c0900000, 0x00000000c0800000| Untracked 
|   9|0x00000000c0900000, 0x00000000c0a00000, 0x00000000c0a00000|100%| O|  |TAMS 0x00000000c0a00000, 0x00000000c0900000| Untracked 
|  10|0x00000000c0a00000, 0x00000000c0b00000, 0x00000000c0b00000|100%| O|  |TAMS 0x00000000c0b00000, 0x00000000c0a00000| Untracked 
|  11|0x00000000c0b00000, 0x00000000c0c00000, 0x00000000c0c00000|100%| O|  |TAMS 0x00000000c0c00000, 0x00000000c0b00000| Untracked 
|  12|0x00000000c0c00000, 0x00000000c0d00000, 0x00000000c0d00000|100%| O|  |TAMS 0x00000000c0d00000, 0x00000000c0c00000| Untracked 
|  13|0x00000000c0d00000, 0x00000000c0e00000, 0x00000000c0e00000|100%| O|  |TAMS 0x00000000c0e00000, 0x00000000c0d00000| Untracked 
|  14|0x00000000c0e00000, 0x00000000c0f00000, 0x00000000c0f00000|100%|HS|  |TAMS 0x00000000c0f00000, 0x00000000c0e00000| Complete 
|  15|0x00000000c0f00000, 0x00000000c1000000, 0x00000000c1000000|100%|HC|  |TAMS 0x00000000c1000000, 0x00000000c0f00000| Complete 
|  16|0x00000000c1000000, 0x00000000c1100000, 0x00000000c1100000|100%|HC|  |TAMS 0x00000000c1100000, 0x00000000c1000000| Complete 
|  17|0x00000000c1100000, 0x00000000c1200000, 0x00000000c1200000|100%|HS|  |TAMS 0x00000000c1200000, 0x00000000c1100000| Complete 
|  18|0x00000000c1200000, 0x00000000c1300000, 0x00000000c1300000|100%|HC|  |TAMS 0x00000000c1300000, 0x00000000c1200000| Complete 
|  19|0x00000000c1300000, 0x00000000c1400000, 0x00000000c1400000|100%| O|  |TAMS 0x00000000c1400000, 0x00000000c1300000| Untracked 
|  20|0x00000000c1400000, 0x00000000c1500000, 0x00000000c1500000|100%| O|  |TAMS 0x00000000c1500000, 0x00000000c1400000| Untracked 
|  21|0x00000000c1500000, 0x00000000c1500000, 0x00000000c1600000|  0%| F|  |TAMS 0x00000000c1500000, 0x00000000c1500000| Untracked 
|  22|0x00000000c1600000, 0x00000000c1700000, 0x00000000c1700000|100%| O|  |TAMS 0x00000000c1700000, 0x00000000c1600000| Untracked 
|  23|0x00000000c1700000, 0x00000000c1800000, 0x00000000c1800000|100%| O|  |TAMS 0x00000000c1800000, 0x00000000c1700000| Untracked 
|  24|0x00000000c1800000, 0x00000000c1900000, 0x00000000c1900000|100%| O|  |TAMS 0x00000000c1900000, 0x00000000c1800000| Untracked 
|  25|0x00000000c1900000, 0x00000000c1a00000, 0x00000000c1a00000|100%| O|  |TAMS 0x00000000c1a00000, 0x00000000c1900000| Untracked 
|  26|0x00000000c1a00000, 0x00000000c1b00000, 0x00000000c1b00000|100%| O|  |TAMS 0x00000000c1b00000, 0x00000000c1a00000| Untracked 
|  27|0x00000000c1b00000, 0x00000000c1c00000, 0x00000000c1c00000|100%| O|  |TAMS 0x00000000c1c00000, 0x00000000c1b00000| Untracked 
|  28|0x00000000c1c00000, 0x00000000c1d00000, 0x00000000c1d00000|100%| O|  |TAMS 0x00000000c1d00000, 0x00000000c1c00000| Untracked 
|  29|0x00000000c1d00000, 0x00000000c1e00000, 0x00000000c1e00000|100%| O|  |TAMS 0x00000000c1e00000, 0x00000000c1d00000| Untracked 
|  30|0x00000000c1e00000, 0x00000000c1f00000, 0x00000000c1f00000|100%| O|  |TAMS 0x00000000c1f00000, 0x00000000c1e00000| Untracked 
|  31|0x00000000c1f00000, 0x00000000c2000000, 0x00000000c2000000|100%| O|  |TAMS 0x00000000c2000000, 0x00000000c1f00000| Untracked 
|  32|0x00000000c2000000, 0x00000000c2100000, 0x00000000c2100000|100%| O|  |TAMS 0x00000000c2100000, 0x00000000c2000000| Untracked 
|  33|0x00000000c2100000, 0x00000000c2200000, 0x00000000c2200000|100%| O|  |TAMS 0x00000000c2200000, 0x00000000c2100000| Untracked 
|  34|0x00000000c2200000, 0x00000000c22f5600, 0x00000000c2300000| 95%| O|  |TAMS 0x00000000c22f5600, 0x00000000c2200000| Untracked 
|  35|0x00000000c2300000, 0x00000000c2300000, 0x00000000c2400000|  0%| F|  |TAMS 0x00000000c2300000, 0x00000000c2300000| Untracked 
|  36|0x00000000c2400000, 0x00000000c2400000, 0x00000000c2500000|  0%| F|  |TAMS 0x00000000c2400000, 0x00000000c2400000| Untracked 
|  37|0x00000000c2500000, 0x00000000c2500000, 0x00000000c2600000|  0%| F|  |TAMS 0x00000000c2500000, 0x00000000c2500000| Untracked 
|  38|0x00000000c2600000, 0x00000000c2600000, 0x00000000c2700000|  0%| F|  |TAMS 0x00000000c2600000, 0x00000000c2600000| Untracked 
|  39|0x00000000c2700000, 0x00000000c2700000, 0x00000000c2800000|  0%| F|  |TAMS 0x00000000c2700000, 0x00000000c2700000| Untracked 
|  40|0x00000000c2800000, 0x00000000c2800000, 0x00000000c2900000|  0%| F|  |TAMS 0x00000000c2800000, 0x00000000c2800000| Untracked 
|  41|0x00000000c2900000, 0x00000000c2900000, 0x00000000c2a00000|  0%| F|  |TAMS 0x00000000c2900000, 0x00000000c2900000| Untracked 
|  42|0x00000000c2a00000, 0x00000000c2a00000, 0x00000000c2b00000|  0%| F|  |TAMS 0x00000000c2a00000, 0x00000000c2a00000| Untracked 
|  43|0x00000000c2b00000, 0x00000000c2b00000, 0x00000000c2c00000|  0%| F|  |TAMS 0x00000000c2b00000, 0x00000000c2b00000| Untracked 
|  44|0x00000000c2c00000, 0x00000000c2c00000, 0x00000000c2d00000|  0%| F|  |TAMS 0x00000000c2c00000, 0x00000000c2c00000| Untracked 
|  45|0x00000000c2d00000, 0x00000000c2d00000, 0x00000000c2e00000|  0%| F|  |TAMS 0x00000000c2d00000, 0x00000000c2d00000| Untracked 
|  46|0x00000000c2e00000, 0x00000000c2e00000, 0x00000000c2f00000|  0%| F|  |TAMS 0x00000000c2e00000, 0x00000000c2e00000| Untracked 
|  47|0x00000000c2f00000, 0x00000000c2f00000, 0x00000000c3000000|  0%| F|  |TAMS 0x00000000c2f00000, 0x00000000c2f00000| Untracked 
|  48|0x00000000c3000000, 0x00000000c3000000, 0x00000000c3100000|  0%| F|  |TAMS 0x00000000c3000000, 0x00000000c3000000| Untracked 
|  49|0x00000000c3100000, 0x00000000c3100000, 0x00000000c3200000|  0%| F|  |TAMS 0x00000000c3100000, 0x00000000c3100000| Untracked 
|  50|0x00000000c3200000, 0x00000000c3200000, 0x00000000c3300000|  0%| F|  |TAMS 0x00000000c3200000, 0x00000000c3200000| Untracked 
|  51|0x00000000c3300000, 0x00000000c3300000, 0x00000000c3400000|  0%| F|  |TAMS 0x00000000c3300000, 0x00000000c3300000| Untracked 
|  52|0x00000000c3400000, 0x00000000c3400000, 0x00000000c3500000|  0%| F|  |TAMS 0x00000000c3400000, 0x00000000c3400000| Untracked 
|  53|0x00000000c3500000, 0x00000000c3500000, 0x00000000c3600000|  0%| F|  |TAMS 0x00000000c3500000, 0x00000000c3500000| Untracked 
|  54|0x00000000c3600000, 0x00000000c3600000, 0x00000000c3700000|  0%| F|  |TAMS 0x00000000c3600000, 0x00000000c3600000| Untracked 
|  55|0x00000000c3700000, 0x00000000c3700000, 0x00000000c3800000|  0%| F|  |TAMS 0x00000000c3700000, 0x00000000c3700000| Untracked 
|  56|0x00000000c3800000, 0x00000000c3800000, 0x00000000c3900000|  0%| F|  |TAMS 0x00000000c3800000, 0x00000000c3800000| Untracked 
|  57|0x00000000c3900000, 0x00000000c3900000, 0x00000000c3a00000|  0%| F|  |TAMS 0x00000000c3900000, 0x00000000c3900000| Untracked 
|  58|0x00000000c3a00000, 0x00000000c3a00000, 0x00000000c3b00000|  0%| F|  |TAMS 0x00000000c3a00000, 0x00000000c3a00000| Untracked 
|  59|0x00000000c3b00000, 0x00000000c3b00000, 0x00000000c3c00000|  0%| F|  |TAMS 0x00000000c3b00000, 0x00000000c3b00000| Untracked 
|  60|0x00000000c3c00000, 0x00000000c3c00000, 0x00000000c3d00000|  0%| F|  |TAMS 0x00000000c3c00000, 0x00000000c3c00000| Untracked 
|  61|0x00000000c3d00000, 0x00000000c3d00000, 0x00000000c3e00000|  0%| F|  |TAMS 0x00000000c3d00000, 0x00000000c3d00000| Untracked 
|  62|0x00000000c3e00000, 0x00000000c3e00000, 0x00000000c3f00000|  0%| F|  |TAMS 0x00000000c3e00000, 0x00000000c3e00000| Untracked 
|  63|0x00000000c3f00000, 0x00000000c3f00000, 0x00000000c4000000|  0%| F|  |TAMS 0x00000000c3f00000, 0x00000000c3f00000| Untracked 
|  64|0x00000000c4000000, 0x00000000c4000000, 0x00000000c4100000|  0%| F|  |TAMS 0x00000000c4000000, 0x00000000c4000000| Untracked 
|  65|0x00000000c4100000, 0x00000000c4100000, 0x00000000c4200000|  0%| F|  |TAMS 0x00000000c4100000, 0x00000000c4100000| Untracked 
|  66|0x00000000c4200000, 0x00000000c4200000, 0x00000000c4300000|  0%| F|  |TAMS 0x00000000c4200000, 0x00000000c4200000| Untracked 
|  67|0x00000000c4300000, 0x00000000c4300000, 0x00000000c4400000|  0%| F|  |TAMS 0x00000000c4300000, 0x00000000c4300000| Untracked 
|  68|0x00000000c4400000, 0x00000000c4400000, 0x00000000c4500000|  0%| F|  |TAMS 0x00000000c4400000, 0x00000000c4400000| Untracked 
|  69|0x00000000c4500000, 0x00000000c4500000, 0x00000000c4600000|  0%| F|  |TAMS 0x00000000c4500000, 0x00000000c4500000| Untracked 
|  70|0x00000000c4600000, 0x00000000c4600000, 0x00000000c4700000|  0%| F|  |TAMS 0x00000000c4600000, 0x00000000c4600000| Untracked 
|  71|0x00000000c4700000, 0x00000000c4700000, 0x00000000c4800000|  0%| F|  |TAMS 0x00000000c4700000, 0x00000000c4700000| Untracked 
|  72|0x00000000c4800000, 0x00000000c4800000, 0x00000000c4900000|  0%| F|  |TAMS 0x00000000c4800000, 0x00000000c4800000| Untracked 
|  73|0x00000000c4900000, 0x00000000c4900000, 0x00000000c4a00000|  0%| F|  |TAMS 0x00000000c4900000, 0x00000000c4900000| Untracked 
|  74|0x00000000c4a00000, 0x00000000c4a00000, 0x00000000c4b00000|  0%| F|  |TAMS 0x00000000c4a00000, 0x00000000c4a00000| Untracked 
|  75|0x00000000c4b00000, 0x00000000c4b00000, 0x00000000c4c00000|  0%| F|  |TAMS 0x00000000c4b00000, 0x00000000c4b00000| Untracked 
|  76|0x00000000c4c00000, 0x00000000c4c00000, 0x00000000c4d00000|  0%| F|  |TAMS 0x00000000c4c00000, 0x00000000c4c00000| Untracked 
|  77|0x00000000c4d00000, 0x00000000c4d00000, 0x00000000c4e00000|  0%| F|  |TAMS 0x00000000c4d00000, 0x00000000c4d00000| Untracked 
|  78|0x00000000c4e00000, 0x00000000c4e00000, 0x00000000c4f00000|  0%| F|  |TAMS 0x00000000c4e00000, 0x00000000c4e00000| Untracked 
|  79|0x00000000c4f00000, 0x00000000c4f00000, 0x00000000c5000000|  0%| F|  |TAMS 0x00000000c4f00000, 0x00000000c4f00000| Untracked 
|  80|0x00000000c5000000, 0x00000000c5000000, 0x00000000c5100000|  0%| F|  |TAMS 0x00000000c5000000, 0x00000000c5000000| Untracked 
|  81|0x00000000c5100000, 0x00000000c5100000, 0x00000000c5200000|  0%| F|  |TAMS 0x00000000c5100000, 0x00000000c5100000| Untracked 
|  82|0x00000000c5200000, 0x00000000c5200000, 0x00000000c5300000|  0%| F|  |TAMS 0x00000000c5200000, 0x00000000c5200000| Untracked 
|  83|0x00000000c5300000, 0x00000000c5300000, 0x00000000c5400000|  0%| F|  |TAMS 0x00000000c5300000, 0x00000000c5300000| Untracked 
|  84|0x00000000c5400000, 0x00000000c5400000, 0x00000000c5500000|  0%| F|  |TAMS 0x00000000c5400000, 0x00000000c5400000| Untracked 
|  85|0x00000000c5500000, 0x00000000c5500000, 0x00000000c5600000|  0%| F|  |TAMS 0x00000000c5500000, 0x00000000c5500000| Untracked 
|  86|0x00000000c5600000, 0x00000000c5600000, 0x00000000c5700000|  0%| F|  |TAMS 0x00000000c5600000, 0x00000000c5600000| Untracked 
|  87|0x00000000c5700000, 0x00000000c5700000, 0x00000000c5800000|  0%| F|  |TAMS 0x00000000c5700000, 0x00000000c5700000| Untracked 
|  88|0x00000000c5800000, 0x00000000c5800000, 0x00000000c5900000|  0%| F|  |TAMS 0x00000000c5800000, 0x00000000c5800000| Untracked 
|  89|0x00000000c5900000, 0x00000000c5900000, 0x00000000c5a00000|  0%| F|  |TAMS 0x00000000c5900000, 0x00000000c5900000| Untracked 
|  90|0x00000000c5a00000, 0x00000000c5a00000, 0x00000000c5b00000|  0%| F|  |TAMS 0x00000000c5a00000, 0x00000000c5a00000| Untracked 
|  91|0x00000000c5b00000, 0x00000000c5b00000, 0x00000000c5c00000|  0%| F|  |TAMS 0x00000000c5b00000, 0x00000000c5b00000| Untracked 
|  92|0x00000000c5c00000, 0x00000000c5c00000, 0x00000000c5d00000|  0%| F|  |TAMS 0x00000000c5c00000, 0x00000000c5c00000| Untracked 
|  93|0x00000000c5d00000, 0x00000000c5d00000, 0x00000000c5e00000|  0%| F|  |TAMS 0x00000000c5d00000, 0x00000000c5d00000| Untracked 
|  94|0x00000000c5e00000, 0x00000000c5e00000, 0x00000000c5f00000|  0%| F|  |TAMS 0x00000000c5e00000, 0x00000000c5e00000| Untracked 
|  95|0x00000000c5f00000, 0x00000000c5f00000, 0x00000000c6000000|  0%| F|  |TAMS 0x00000000c5f00000, 0x00000000c5f00000| Untracked 
|  96|0x00000000c6000000, 0x00000000c6000000, 0x00000000c6100000|  0%| F|  |TAMS 0x00000000c6000000, 0x00000000c6000000| Untracked 
|  97|0x00000000c6100000, 0x00000000c6100000, 0x00000000c6200000|  0%| F|  |TAMS 0x00000000c6100000, 0x00000000c6100000| Untracked 
|  98|0x00000000c6200000, 0x00000000c6200000, 0x00000000c6300000|  0%| F|  |TAMS 0x00000000c6200000, 0x00000000c6200000| Untracked 
|  99|0x00000000c6300000, 0x00000000c6300000, 0x00000000c6400000|  0%| F|  |TAMS 0x00000000c6300000, 0x00000000c6300000| Untracked 
| 100|0x00000000c6400000, 0x00000000c6400000, 0x00000000c6500000|  0%| F|  |TAMS 0x00000000c6400000, 0x00000000c6400000| Untracked 
| 101|0x00000000c6500000, 0x00000000c6500000, 0x00000000c6600000|  0%| F|  |TAMS 0x00000000c6500000, 0x00000000c6500000| Untracked 
| 102|0x00000000c6600000, 0x00000000c6600000, 0x00000000c6700000|  0%| F|  |TAMS 0x00000000c6600000, 0x00000000c6600000| Untracked 
| 103|0x00000000c6700000, 0x00000000c6700000, 0x00000000c6800000|  0%| F|  |TAMS 0x00000000c6700000, 0x00000000c6700000| Untracked 
| 104|0x00000000c6800000, 0x00000000c6800000, 0x00000000c6900000|  0%| F|  |TAMS 0x00000000c6800000, 0x00000000c6800000| Untracked 
| 105|0x00000000c6900000, 0x00000000c6900000, 0x00000000c6a00000|  0%| F|  |TAMS 0x00000000c6900000, 0x00000000c6900000| Untracked 
| 106|0x00000000c6a00000, 0x00000000c6a00000, 0x00000000c6b00000|  0%| F|  |TAMS 0x00000000c6a00000, 0x00000000c6a00000| Untracked 
| 107|0x00000000c6b00000, 0x00000000c6b00000, 0x00000000c6c00000|  0%| F|  |TAMS 0x00000000c6b00000, 0x00000000c6b00000| Untracked 
| 108|0x00000000c6c00000, 0x00000000c6c00000, 0x00000000c6d00000|  0%| F|  |TAMS 0x00000000c6c00000, 0x00000000c6c00000| Untracked 
| 109|0x00000000c6d00000, 0x00000000c6d00000, 0x00000000c6e00000|  0%| F|  |TAMS 0x00000000c6d00000, 0x00000000c6d00000| Untracked 
| 110|0x00000000c6e00000, 0x00000000c6e00000, 0x00000000c6f00000|  0%| F|  |TAMS 0x00000000c6e00000, 0x00000000c6e00000| Untracked 
| 111|0x00000000c6f00000, 0x00000000c6f00000, 0x00000000c7000000|  0%| F|  |TAMS 0x00000000c6f00000, 0x00000000c6f00000| Untracked 
| 112|0x00000000c7000000, 0x00000000c7000000, 0x00000000c7100000|  0%| F|  |TAMS 0x00000000c7000000, 0x00000000c7000000| Untracked 
| 113|0x00000000c7100000, 0x00000000c7100000, 0x00000000c7200000|  0%| F|  |TAMS 0x00000000c7100000, 0x00000000c7100000| Untracked 
| 114|0x00000000c7200000, 0x00000000c7200000, 0x00000000c7300000|  0%| F|  |TAMS 0x00000000c7200000, 0x00000000c7200000| Untracked 
| 115|0x00000000c7300000, 0x00000000c7300000, 0x00000000c7400000|  0%| F|  |TAMS 0x00000000c7300000, 0x00000000c7300000| Untracked 
| 116|0x00000000c7400000, 0x00000000c7400000, 0x00000000c7500000|  0%| F|  |TAMS 0x00000000c7400000, 0x00000000c7400000| Untracked 
| 117|0x00000000c7500000, 0x00000000c7500000, 0x00000000c7600000|  0%| F|  |TAMS 0x00000000c7500000, 0x00000000c7500000| Untracked 
| 118|0x00000000c7600000, 0x00000000c76f4a80, 0x00000000c7700000| 95%| S|CS|TAMS 0x00000000c7600000, 0x00000000c7600000| Complete 
| 119|0x00000000c7700000, 0x00000000c7800000, 0x00000000c7800000|100%| S|CS|TAMS 0x00000000c7700000, 0x00000000c7700000| Complete 
| 120|0x00000000c7800000, 0x00000000c7900000, 0x00000000c7900000|100%| S|CS|TAMS 0x00000000c7800000, 0x00000000c7800000| Complete 
| 121|0x00000000c7900000, 0x00000000c7a00000, 0x00000000c7a00000|100%| S|CS|TAMS 0x00000000c7900000, 0x00000000c7900000| Complete 
| 122|0x00000000c7a00000, 0x00000000c7b00000, 0x00000000c7b00000|100%| S|CS|TAMS 0x00000000c7a00000, 0x00000000c7a00000| Complete 
| 123|0x00000000c7b00000, 0x00000000c7c00000, 0x00000000c7c00000|100%| S|CS|TAMS 0x00000000c7b00000, 0x00000000c7b00000| Complete 
| 124|0x00000000c7c00000, 0x00000000c7d00000, 0x00000000c7d00000|100%| S|CS|TAMS 0x00000000c7c00000, 0x00000000c7c00000| Complete 
| 125|0x00000000c7d00000, 0x00000000c7e00000, 0x00000000c7e00000|100%| S|CS|TAMS 0x00000000c7d00000, 0x00000000c7d00000| Complete 
| 126|0x00000000c7e00000, 0x00000000c7f00000, 0x00000000c7f00000|100%| S|CS|TAMS 0x00000000c7e00000, 0x00000000c7e00000| Complete 
| 127|0x00000000c7f00000, 0x00000000c8000000, 0x00000000c8000000|100%| S|CS|TAMS 0x00000000c7f00000, 0x00000000c7f00000| Complete 
| 128|0x00000000c8000000, 0x00000000c8100000, 0x00000000c8100000|100%| S|CS|TAMS 0x00000000c8000000, 0x00000000c8000000| Complete 
| 129|0x00000000c8100000, 0x00000000c8100000, 0x00000000c8200000|  0%| F|  |TAMS 0x00000000c8100000, 0x00000000c8100000| Untracked 
| 130|0x00000000c8200000, 0x00000000c8200000, 0x00000000c8300000|  0%| F|  |TAMS 0x00000000c8200000, 0x00000000c8200000| Untracked 
| 131|0x00000000c8300000, 0x00000000c8300000, 0x00000000c8400000|  0%| F|  |TAMS 0x00000000c8300000, 0x00000000c8300000| Untracked 
| 132|0x00000000c8400000, 0x00000000c8400000, 0x00000000c8500000|  0%| F|  |TAMS 0x00000000c8400000, 0x00000000c8400000| Untracked 
| 133|0x00000000c8500000, 0x00000000c8500000, 0x00000000c8600000|  0%| F|  |TAMS 0x00000000c8500000, 0x00000000c8500000| Untracked 
| 134|0x00000000c8600000, 0x00000000c8600000, 0x00000000c8700000|  0%| F|  |TAMS 0x00000000c8600000, 0x00000000c8600000| Untracked 
| 135|0x00000000c8700000, 0x00000000c8700000, 0x00000000c8800000|  0%| F|  |TAMS 0x00000000c8700000, 0x00000000c8700000| Untracked 
| 136|0x00000000c8800000, 0x00000000c8800000, 0x00000000c8900000|  0%| F|  |TAMS 0x00000000c8800000, 0x00000000c8800000| Untracked 
| 137|0x00000000c8900000, 0x00000000c8900000, 0x00000000c8a00000|  0%| F|  |TAMS 0x00000000c8900000, 0x00000000c8900000| Untracked 
| 138|0x00000000c8a00000, 0x00000000c8a00000, 0x00000000c8b00000|  0%| F|  |TAMS 0x00000000c8a00000, 0x00000000c8a00000| Untracked 
| 139|0x00000000c8b00000, 0x00000000c8b00000, 0x00000000c8c00000|  0%| F|  |TAMS 0x00000000c8b00000, 0x00000000c8b00000| Untracked 
| 140|0x00000000c8c00000, 0x00000000c8c00000, 0x00000000c8d00000|  0%| F|  |TAMS 0x00000000c8c00000, 0x00000000c8c00000| Untracked 
| 141|0x00000000c8d00000, 0x00000000c8d00000, 0x00000000c8e00000|  0%| F|  |TAMS 0x00000000c8d00000, 0x00000000c8d00000| Untracked 
| 142|0x00000000c8e00000, 0x00000000c8e00000, 0x00000000c8f00000|  0%| F|  |TAMS 0x00000000c8e00000, 0x00000000c8e00000| Untracked 
| 143|0x00000000c8f00000, 0x00000000c8f00000, 0x00000000c9000000|  0%| F|  |TAMS 0x00000000c8f00000, 0x00000000c8f00000| Untracked 
| 144|0x00000000c9000000, 0x00000000c9000000, 0x00000000c9100000|  0%| F|  |TAMS 0x00000000c9000000, 0x00000000c9000000| Untracked 
| 145|0x00000000c9100000, 0x00000000c9100000, 0x00000000c9200000|  0%| F|  |TAMS 0x00000000c9100000, 0x00000000c9100000| Untracked 
| 146|0x00000000c9200000, 0x00000000c9200000, 0x00000000c9300000|  0%| F|  |TAMS 0x00000000c9200000, 0x00000000c9200000| Untracked 
| 147|0x00000000c9300000, 0x00000000c9300000, 0x00000000c9400000|  0%| F|  |TAMS 0x00000000c9300000, 0x00000000c9300000| Untracked 
| 148|0x00000000c9400000, 0x00000000c9400000, 0x00000000c9500000|  0%| F|  |TAMS 0x00000000c9400000, 0x00000000c9400000| Untracked 
| 149|0x00000000c9500000, 0x00000000c9500000, 0x00000000c9600000|  0%| F|  |TAMS 0x00000000c9500000, 0x00000000c9500000| Untracked 
| 150|0x00000000c9600000, 0x00000000c9600000, 0x00000000c9700000|  0%| F|  |TAMS 0x00000000c9600000, 0x00000000c9600000| Untracked 
| 151|0x00000000c9700000, 0x00000000c9700000, 0x00000000c9800000|  0%| F|  |TAMS 0x00000000c9700000, 0x00000000c9700000| Untracked 
| 152|0x00000000c9800000, 0x00000000c9800000, 0x00000000c9900000|  0%| F|  |TAMS 0x00000000c9800000, 0x00000000c9800000| Untracked 
| 153|0x00000000c9900000, 0x00000000c9900000, 0x00000000c9a00000|  0%| F|  |TAMS 0x00000000c9900000, 0x00000000c9900000| Untracked 
| 154|0x00000000c9a00000, 0x00000000c9a00000, 0x00000000c9b00000|  0%| F|  |TAMS 0x00000000c9a00000, 0x00000000c9a00000| Untracked 
| 155|0x00000000c9b00000, 0x00000000c9b00000, 0x00000000c9c00000|  0%| F|  |TAMS 0x00000000c9b00000, 0x00000000c9b00000| Untracked 
| 156|0x00000000c9c00000, 0x00000000c9c00000, 0x00000000c9d00000|  0%| F|  |TAMS 0x00000000c9c00000, 0x00000000c9c00000| Untracked 
| 157|0x00000000c9d00000, 0x00000000c9d00000, 0x00000000c9e00000|  0%| F|  |TAMS 0x00000000c9d00000, 0x00000000c9d00000| Untracked 
| 158|0x00000000c9e00000, 0x00000000c9e00000, 0x00000000c9f00000|  0%| F|  |TAMS 0x00000000c9e00000, 0x00000000c9e00000| Untracked 
| 159|0x00000000c9f00000, 0x00000000c9f00000, 0x00000000ca000000|  0%| F|  |TAMS 0x00000000c9f00000, 0x00000000c9f00000| Untracked 
| 160|0x00000000ca000000, 0x00000000ca000000, 0x00000000ca100000|  0%| F|  |TAMS 0x00000000ca000000, 0x00000000ca000000| Untracked 
| 161|0x00000000ca100000, 0x00000000ca100000, 0x00000000ca200000|  0%| F|  |TAMS 0x00000000ca100000, 0x00000000ca100000| Untracked 
| 162|0x00000000ca200000, 0x00000000ca200000, 0x00000000ca300000|  0%| F|  |TAMS 0x00000000ca200000, 0x00000000ca200000| Untracked 
| 163|0x00000000ca300000, 0x00000000ca300000, 0x00000000ca400000|  0%| F|  |TAMS 0x00000000ca300000, 0x00000000ca300000| Untracked 
| 164|0x00000000ca400000, 0x00000000ca400000, 0x00000000ca500000|  0%| F|  |TAMS 0x00000000ca400000, 0x00000000ca400000| Untracked 
| 165|0x00000000ca500000, 0x00000000ca500000, 0x00000000ca600000|  0%| F|  |TAMS 0x00000000ca500000, 0x00000000ca500000| Untracked 
| 166|0x00000000ca600000, 0x00000000ca600000, 0x00000000ca700000|  0%| F|  |TAMS 0x00000000ca600000, 0x00000000ca600000| Untracked 
| 167|0x00000000ca700000, 0x00000000ca7a4668, 0x00000000ca800000| 64%| E|  |TAMS 0x00000000ca700000, 0x00000000ca700000| Complete 
| 168|0x00000000ca800000, 0x00000000ca900000, 0x00000000ca900000|100%| E|CS|TAMS 0x00000000ca800000, 0x00000000ca800000| Complete 
| 169|0x00000000ca900000, 0x00000000caa00000, 0x00000000caa00000|100%| E|CS|TAMS 0x00000000ca900000, 0x00000000ca900000| Complete 
| 170|0x00000000caa00000, 0x00000000cab00000, 0x00000000cab00000|100%| E|CS|TAMS 0x00000000caa00000, 0x00000000caa00000| Complete 
| 171|0x00000000cab00000, 0x00000000cac00000, 0x00000000cac00000|100%| E|CS|TAMS 0x00000000cab00000, 0x00000000cab00000| Complete 
| 172|0x00000000cac00000, 0x00000000cad00000, 0x00000000cad00000|100%| E|CS|TAMS 0x00000000cac00000, 0x00000000cac00000| Complete 
| 173|0x00000000cad00000, 0x00000000cae00000, 0x00000000cae00000|100%| E|CS|TAMS 0x00000000cad00000, 0x00000000cad00000| Complete 
| 174|0x00000000cae00000, 0x00000000caf00000, 0x00000000caf00000|100%| E|CS|TAMS 0x00000000cae00000, 0x00000000cae00000| Complete 
| 175|0x00000000caf00000, 0x00000000cb000000, 0x00000000cb000000|100%| E|CS|TAMS 0x00000000caf00000, 0x00000000caf00000| Complete 
| 176|0x00000000cb000000, 0x00000000cb100000, 0x00000000cb100000|100%| E|CS|TAMS 0x00000000cb000000, 0x00000000cb000000| Complete 
| 177|0x00000000cb100000, 0x00000000cb200000, 0x00000000cb200000|100%| E|CS|TAMS 0x00000000cb100000, 0x00000000cb100000| Complete 
| 178|0x00000000cb200000, 0x00000000cb300000, 0x00000000cb300000|100%| E|CS|TAMS 0x00000000cb200000, 0x00000000cb200000| Complete 
| 179|0x00000000cb300000, 0x00000000cb400000, 0x00000000cb400000|100%| E|CS|TAMS 0x00000000cb300000, 0x00000000cb300000| Complete 
| 180|0x00000000cb400000, 0x00000000cb500000, 0x00000000cb500000|100%| E|CS|TAMS 0x00000000cb400000, 0x00000000cb400000| Complete 
| 181|0x00000000cb500000, 0x00000000cb600000, 0x00000000cb600000|100%| E|CS|TAMS 0x00000000cb500000, 0x00000000cb500000| Complete 
| 182|0x00000000cb600000, 0x00000000cb700000, 0x00000000cb700000|100%| E|CS|TAMS 0x00000000cb600000, 0x00000000cb600000| Complete 
| 183|0x00000000cb700000, 0x00000000cb800000, 0x00000000cb800000|100%| E|CS|TAMS 0x00000000cb700000, 0x00000000cb700000| Complete 
| 184|0x00000000cb800000, 0x00000000cb900000, 0x00000000cb900000|100%| E|CS|TAMS 0x00000000cb800000, 0x00000000cb800000| Complete 
| 185|0x00000000cb900000, 0x00000000cba00000, 0x00000000cba00000|100%| E|CS|TAMS 0x00000000cb900000, 0x00000000cb900000| Complete 
| 186|0x00000000cba00000, 0x00000000cbb00000, 0x00000000cbb00000|100%| E|CS|TAMS 0x00000000cba00000, 0x00000000cba00000| Complete 
| 187|0x00000000cbb00000, 0x00000000cbc00000, 0x00000000cbc00000|100%| E|CS|TAMS 0x00000000cbb00000, 0x00000000cbb00000| Complete 
| 188|0x00000000cbc00000, 0x00000000cbd00000, 0x00000000cbd00000|100%| E|CS|TAMS 0x00000000cbc00000, 0x00000000cbc00000| Complete 
| 189|0x00000000cbd00000, 0x00000000cbe00000, 0x00000000cbe00000|100%| E|CS|TAMS 0x00000000cbd00000, 0x00000000cbd00000| Complete 
| 190|0x00000000cbe00000, 0x00000000cbf00000, 0x00000000cbf00000|100%| E|CS|TAMS 0x00000000cbe00000, 0x00000000cbe00000| Complete 
| 191|0x00000000cbf00000, 0x00000000cc000000, 0x00000000cc000000|100%| E|CS|TAMS 0x00000000cbf00000, 0x00000000cbf00000| Complete 
| 192|0x00000000cc000000, 0x00000000cc100000, 0x00000000cc100000|100%| E|CS|TAMS 0x00000000cc000000, 0x00000000cc000000| Complete 
| 193|0x00000000cc100000, 0x00000000cc200000, 0x00000000cc200000|100%| E|CS|TAMS 0x00000000cc100000, 0x00000000cc100000| Complete 
| 194|0x00000000cc200000, 0x00000000cc300000, 0x00000000cc300000|100%| E|CS|TAMS 0x00000000cc200000, 0x00000000cc200000| Complete 
| 195|0x00000000cc300000, 0x00000000cc400000, 0x00000000cc400000|100%| E|CS|TAMS 0x00000000cc300000, 0x00000000cc300000| Complete 
| 196|0x00000000cc400000, 0x00000000cc500000, 0x00000000cc500000|100%| E|CS|TAMS 0x00000000cc400000, 0x00000000cc400000| Complete 
| 197|0x00000000cc500000, 0x00000000cc600000, 0x00000000cc600000|100%| E|CS|TAMS 0x00000000cc500000, 0x00000000cc500000| Complete 
| 198|0x00000000cc600000, 0x00000000cc700000, 0x00000000cc700000|100%| E|CS|TAMS 0x00000000cc600000, 0x00000000cc600000| Complete 
| 199|0x00000000cc700000, 0x00000000cc800000, 0x00000000cc800000|100%| E|CS|TAMS 0x00000000cc700000, 0x00000000cc700000| Complete 
| 200|0x00000000cc800000, 0x00000000cc900000, 0x00000000cc900000|100%| E|CS|TAMS 0x00000000cc800000, 0x00000000cc800000| Complete 
| 201|0x00000000cc900000, 0x00000000cca00000, 0x00000000cca00000|100%| E|CS|TAMS 0x00000000cc900000, 0x00000000cc900000| Complete 
| 202|0x00000000cca00000, 0x00000000ccb00000, 0x00000000ccb00000|100%| E|CS|TAMS 0x00000000cca00000, 0x00000000cca00000| Complete 
| 203|0x00000000ccb00000, 0x00000000ccc00000, 0x00000000ccc00000|100%| E|CS|TAMS 0x00000000ccb00000, 0x00000000ccb00000| Complete 
| 204|0x00000000ccc00000, 0x00000000ccd00000, 0x00000000ccd00000|100%| E|CS|TAMS 0x00000000ccc00000, 0x00000000ccc00000| Complete 
| 205|0x00000000ccd00000, 0x00000000cce00000, 0x00000000cce00000|100%| E|CS|TAMS 0x00000000ccd00000, 0x00000000ccd00000| Complete 
| 206|0x00000000cce00000, 0x00000000ccf00000, 0x00000000ccf00000|100%| E|CS|TAMS 0x00000000cce00000, 0x00000000cce00000| Complete 
| 207|0x00000000ccf00000, 0x00000000cd000000, 0x00000000cd000000|100%| E|CS|TAMS 0x00000000ccf00000, 0x00000000ccf00000| Complete 
| 208|0x00000000cd000000, 0x00000000cd100000, 0x00000000cd100000|100%| E|CS|TAMS 0x00000000cd000000, 0x00000000cd000000| Complete 
| 209|0x00000000cd100000, 0x00000000cd200000, 0x00000000cd200000|100%| E|CS|TAMS 0x00000000cd100000, 0x00000000cd100000| Complete 
| 210|0x00000000cd200000, 0x00000000cd300000, 0x00000000cd300000|100%| E|CS|TAMS 0x00000000cd200000, 0x00000000cd200000| Complete 
| 211|0x00000000cd300000, 0x00000000cd400000, 0x00000000cd400000|100%| E|CS|TAMS 0x00000000cd300000, 0x00000000cd300000| Complete 
| 212|0x00000000cd400000, 0x00000000cd500000, 0x00000000cd500000|100%| E|CS|TAMS 0x00000000cd400000, 0x00000000cd400000| Complete 
| 213|0x00000000cd500000, 0x00000000cd600000, 0x00000000cd600000|100%| E|CS|TAMS 0x00000000cd500000, 0x00000000cd500000| Complete 
| 214|0x00000000cd600000, 0x00000000cd700000, 0x00000000cd700000|100%| E|CS|TAMS 0x00000000cd600000, 0x00000000cd600000| Complete 
| 215|0x00000000cd700000, 0x00000000cd800000, 0x00000000cd800000|100%| E|CS|TAMS 0x00000000cd700000, 0x00000000cd700000| Complete 
| 216|0x00000000cd800000, 0x00000000cd900000, 0x00000000cd900000|100%| E|CS|TAMS 0x00000000cd800000, 0x00000000cd800000| Complete 
| 217|0x00000000cd900000, 0x00000000cda00000, 0x00000000cda00000|100%| E|CS|TAMS 0x00000000cd900000, 0x00000000cd900000| Complete 
| 218|0x00000000cda00000, 0x00000000cdb00000, 0x00000000cdb00000|100%| E|CS|TAMS 0x00000000cda00000, 0x00000000cda00000| Complete 
| 219|0x00000000cdb00000, 0x00000000cdc00000, 0x00000000cdc00000|100%| E|CS|TAMS 0x00000000cdb00000, 0x00000000cdb00000| Complete 
| 220|0x00000000cdc00000, 0x00000000cdd00000, 0x00000000cdd00000|100%| E|CS|TAMS 0x00000000cdc00000, 0x00000000cdc00000| Complete 
| 221|0x00000000cdd00000, 0x00000000cde00000, 0x00000000cde00000|100%| E|CS|TAMS 0x00000000cdd00000, 0x00000000cdd00000| Complete 
| 222|0x00000000cde00000, 0x00000000cdf00000, 0x00000000cdf00000|100%| E|CS|TAMS 0x00000000cde00000, 0x00000000cde00000| Complete 
| 223|0x00000000cdf00000, 0x00000000ce000000, 0x00000000ce000000|100%| E|CS|TAMS 0x00000000cdf00000, 0x00000000cdf00000| Complete 
| 224|0x00000000ce000000, 0x00000000ce100000, 0x00000000ce100000|100%| E|CS|TAMS 0x00000000ce000000, 0x00000000ce000000| Complete 
| 225|0x00000000ce100000, 0x00000000ce200000, 0x00000000ce200000|100%| E|CS|TAMS 0x00000000ce100000, 0x00000000ce100000| Complete 
| 226|0x00000000ce200000, 0x00000000ce300000, 0x00000000ce300000|100%| E|CS|TAMS 0x00000000ce200000, 0x00000000ce200000| Complete 
| 227|0x00000000ce300000, 0x00000000ce400000, 0x00000000ce400000|100%| E|CS|TAMS 0x00000000ce300000, 0x00000000ce300000| Complete 
| 228|0x00000000ce400000, 0x00000000ce500000, 0x00000000ce500000|100%| E|CS|TAMS 0x00000000ce400000, 0x00000000ce400000| Complete 
| 229|0x00000000ce500000, 0x00000000ce600000, 0x00000000ce600000|100%| E|CS|TAMS 0x00000000ce500000, 0x00000000ce500000| Complete 
| 230|0x00000000ce600000, 0x00000000ce700000, 0x00000000ce700000|100%| E|CS|TAMS 0x00000000ce600000, 0x00000000ce600000| Complete 
| 231|0x00000000ce700000, 0x00000000ce800000, 0x00000000ce800000|100%| E|CS|TAMS 0x00000000ce700000, 0x00000000ce700000| Complete 
| 232|0x00000000ce800000, 0x00000000ce900000, 0x00000000ce900000|100%| E|CS|TAMS 0x00000000ce800000, 0x00000000ce800000| Complete 
| 233|0x00000000ce900000, 0x00000000cea00000, 0x00000000cea00000|100%| E|CS|TAMS 0x00000000ce900000, 0x00000000ce900000| Complete 
| 234|0x00000000cea00000, 0x00000000ceb00000, 0x00000000ceb00000|100%| E|CS|TAMS 0x00000000cea00000, 0x00000000cea00000| Complete 
| 235|0x00000000ceb00000, 0x00000000cec00000, 0x00000000cec00000|100%| E|CS|TAMS 0x00000000ceb00000, 0x00000000ceb00000| Complete 
| 236|0x00000000cec00000, 0x00000000ced00000, 0x00000000ced00000|100%| E|CS|TAMS 0x00000000cec00000, 0x00000000cec00000| Complete 
| 237|0x00000000ced00000, 0x00000000cee00000, 0x00000000cee00000|100%| E|CS|TAMS 0x00000000ced00000, 0x00000000ced00000| Complete 
| 238|0x00000000cee00000, 0x00000000cef00000, 0x00000000cef00000|100%| E|CS|TAMS 0x00000000cee00000, 0x00000000cee00000| Complete 
| 239|0x00000000cef00000, 0x00000000cf000000, 0x00000000cf000000|100%| E|CS|TAMS 0x00000000cef00000, 0x00000000cef00000| Complete 
| 240|0x00000000cf000000, 0x00000000cf100000, 0x00000000cf100000|100%| E|CS|TAMS 0x00000000cf000000, 0x00000000cf000000| Complete 
| 241|0x00000000cf100000, 0x00000000cf200000, 0x00000000cf200000|100%| E|CS|TAMS 0x00000000cf100000, 0x00000000cf100000| Complete 
| 242|0x00000000cf200000, 0x00000000cf300000, 0x00000000cf300000|100%| E|CS|TAMS 0x00000000cf200000, 0x00000000cf200000| Complete 
| 243|0x00000000cf300000, 0x00000000cf400000, 0x00000000cf400000|100%| E|CS|TAMS 0x00000000cf300000, 0x00000000cf300000| Complete 
| 244|0x00000000cf400000, 0x00000000cf500000, 0x00000000cf500000|100%| E|CS|TAMS 0x00000000cf400000, 0x00000000cf400000| Complete 
| 245|0x00000000cf500000, 0x00000000cf600000, 0x00000000cf600000|100%| E|CS|TAMS 0x00000000cf500000, 0x00000000cf500000| Complete 
| 246|0x00000000cf600000, 0x00000000cf700000, 0x00000000cf700000|100%| E|CS|TAMS 0x00000000cf600000, 0x00000000cf600000| Complete 
| 247|0x00000000cf700000, 0x00000000cf800000, 0x00000000cf800000|100%| E|CS|TAMS 0x00000000cf700000, 0x00000000cf700000| Complete 
| 248|0x00000000cf800000, 0x00000000cf900000, 0x00000000cf900000|100%| E|CS|TAMS 0x00000000cf800000, 0x00000000cf800000| Complete 
| 249|0x00000000cf900000, 0x00000000cfa00000, 0x00000000cfa00000|100%| E|CS|TAMS 0x00000000cf900000, 0x00000000cf900000| Complete 
| 250|0x00000000cfa00000, 0x00000000cfb00000, 0x00000000cfb00000|100%| E|CS|TAMS 0x00000000cfa00000, 0x00000000cfa00000| Complete 
| 251|0x00000000cfb00000, 0x00000000cfc00000, 0x00000000cfc00000|100%| E|CS|TAMS 0x00000000cfb00000, 0x00000000cfb00000| Complete 
| 252|0x00000000cfc00000, 0x00000000cfd00000, 0x00000000cfd00000|100%| E|CS|TAMS 0x00000000cfc00000, 0x00000000cfc00000| Complete 
| 253|0x00000000cfd00000, 0x00000000cfe00000, 0x00000000cfe00000|100%| E|CS|TAMS 0x00000000cfd00000, 0x00000000cfd00000| Complete 

Card table byte_map: [0x000002202fee0000,0x00000220300e0000] _byte_map_base: 0x000002202f8e0000

Marking Bits (Prev, Next): (CMBitMap*) 0x0000022018684710, (CMBitMap*) 0x00000220186846d8
 Prev Bits: [0x00000220312e0000, 0x00000220322e0000)
 Next Bits: [0x00000220302e0000, 0x00000220312e0000)

Polling page: 0x0000022016cf0000

Metaspace:

Usage:
  Non-class:     58.08 MB capacity,    57.00 MB ( 98%) used,   984.15 KB (  2%) free+waste,   118.69 KB ( <1%) overhead. 
      Class:      8.70 MB capacity,     8.23 MB ( 95%) used,   423.27 KB (  5%) free+waste,    55.19 KB ( <1%) overhead. 
       Both:     66.78 MB capacity,    65.23 MB ( 98%) used,     1.37 MB (  2%) free+waste,   173.88 KB ( <1%) overhead. 

Virtual space:
  Non-class space:       60.00 MB reserved,      58.25 MB ( 97%) committed 
      Class space:        1.00 GB reserved,       8.75 MB ( <1%) committed 
             Both:        1.06 GB reserved,      67.00 MB (  6%) committed 

Chunk freelists:
   Non-Class:  6.00 KB
       Class:  0 bytes
        Both:  6.00 KB

CodeHeap 'non-profiled nmethods': size=119168Kb used=3816Kb max_used=3816Kb free=115351Kb
 bounds [0x00000220278d0000, 0x0000022027c90000, 0x000002202ed30000]
CodeHeap 'profiled nmethods': size=119168Kb used=16406Kb max_used=16406Kb free=102761Kb
 bounds [0x0000022020470000, 0x0000022021480000, 0x00000220278d0000]
CodeHeap 'non-nmethods': size=7424Kb used=3952Kb max_used=3999Kb free=3471Kb
 bounds [0x000002201fd30000, 0x0000022020120000, 0x0000022020470000]
 total_blobs=8133 nmethods=7274 adapters=767
 compilation: enabled
              stopped_count=0, restarted_count=0
 full_count=0

Compilation events (10 events):
Event: 8.887 Thread 0x0000022036483800 7199       3       groovyjarjarasm.asm.ByteVector::<init> (13 bytes)
Event: 8.887 Thread 0x0000022035be4000 7200       3       groovyjarjarasm.asm.Type::getDescriptor (214 bytes)
Event: 8.887 Thread 0x0000022035d66000 7201       3       groovyjarjarasm.asm.Frame::pop (53 bytes)
Event: 8.887 Thread 0x0000022036483800 nmethod 7199 0x0000022021446890 code [0x0000022021446a40, 0x0000022021446c98]
Event: 8.887 Thread 0x0000022035d66000 nmethod 7201 0x0000022021446d90 code [0x0000022021446fe0, 0x0000022021447778]
Event: 8.888 Thread 0x0000022035be4000 nmethod 7200 0x0000022021447a90 code [0x0000022021447da0, 0x0000022021448f38]
Event: 8.888 Thread 0x0000022036ba7000 7202       1       sun.reflect.generics.factory.CoreReflectionFactory::getDecl (5 bytes)
Event: 8.888 Thread 0x0000022036ba7000 nmethod 7202 0x0000022027c6d290 code [0x0000022027c6d420, 0x0000022027c6d4d8]
Event: 8.892 Thread 0x000002203a66f000 nmethod 7060 0x0000022027c6d590 code [0x0000022027c6dac0, 0x0000022027c73750]
Event: 8.892 Thread 0x000002203a66f000 7183       4       org.codehaus.groovy.runtime.metaclass.MetaMethodIndex::addMethodToList (298 bytes)

GC Heap History (10 events):
Event: 3.552 GC heap before
{Heap before GC invocations=1 (full 0):
 garbage-first heap   total 260096K, used 73486K [0x00000000c0000000, 0x0000000100000000)
  region size 1024K, 70 young (71680K), 3 survivors (3072K)
 Metaspace       used 20705K, capacity 21146K, committed 21248K, reserved 1067008K
  class space    used 2609K, capacity 2775K, committed 2816K, reserved 1048576K
}
Event: 3.557 GC heap after
{Heap after GC invocations=2 (full 0):
 garbage-first heap   total 260096K, used 14403K [0x00000000c0000000, 0x0000000100000000)
  region size 1024K, 11 young (11264K), 11 survivors (11264K)
 Metaspace       used 20705K, capacity 21146K, committed 21248K, reserved 1067008K
  class space    used 2609K, capacity 2775K, committed 2816K, reserved 1048576K
}
Event: 4.139 GC heap before
{Heap before GC invocations=3 (full 0):
 garbage-first heap   total 260096K, used 54339K [0x00000000c0000000, 0x0000000100000000)
  region size 1024K, 50 young (51200K), 11 survivors (11264K)
 Metaspace       used 26474K, capacity 27024K, committed 27136K, reserved 1073152K
  class space    used 3365K, capacity 3555K, committed 3584K, reserved 1048576K
}
Event: 4.143 GC heap after
{Heap after GC invocations=4 (full 0):
 garbage-first heap   total 260096K, used 15807K [0x00000000c0000000, 0x0000000100000000)
  region size 1024K, 3 young (3072K), 3 survivors (3072K)
 Metaspace       used 26474K, capacity 27024K, committed 27136K, reserved 1073152K
  class space    used 3365K, capacity 3555K, committed 3584K, reserved 1048576K
}
Event: 4.928 GC heap before
{Heap before GC invocations=4 (full 0):
 garbage-first heap   total 260096K, used 70079K [0x00000000c0000000, 0x0000000100000000)
  region size 1024K, 54 young (55296K), 3 survivors (3072K)
 Metaspace       used 35012K, capacity 35770K, committed 35840K, reserved 1081344K
  class space    used 4298K, capacity 4540K, committed 4608K, reserved 1048576K
}
Event: 4.932 GC heap after
{Heap after GC invocations=5 (full 0):
 garbage-first heap   total 260096K, used 20694K [0x00000000c0000000, 0x0000000100000000)
  region size 1024K, 7 young (7168K), 7 survivors (7168K)
 Metaspace       used 35012K, capacity 35770K, committed 35840K, reserved 1081344K
  class space    used 4298K, capacity 4540K, committed 4608K, reserved 1048576K
}
Event: 6.824 GC heap before
{Heap before GC invocations=6 (full 0):
 garbage-first heap   total 260096K, used 120022K [0x00000000c0000000, 0x0000000100000000)
  region size 1024K, 100 young (102400K), 7 survivors (7168K)
 Metaspace       used 42044K, capacity 43037K, committed 43264K, reserved 1087488K
  class space    used 5303K, capacity 5574K, committed 5632K, reserved 1048576K
}
Event: 6.830 GC heap after
{Heap after GC invocations=7 (full 0):
 garbage-first heap   total 260096K, used 34622K [0x00000000c0000000, 0x0000000100000000)
  region size 1024K, 13 young (13312K), 13 survivors (13312K)
 Metaspace       used 42044K, capacity 43037K, committed 43264K, reserved 1087488K
  class space    used 5303K, capacity 5574K, committed 5632K, reserved 1048576K
}
Event: 8.022 GC heap before
{Heap before GC invocations=7 (full 0):
 garbage-first heap   total 260096K, used 148286K [0x00000000c0000000, 0x0000000100000000)
  region size 1024K, 125 young (128000K), 13 survivors (13312K)
 Metaspace       used 58840K, capacity 60095K, committed 60160K, reserved 1101824K
  class space    used 7377K, capacity 7756K, committed 7808K, reserved 1048576K
}
Event: 8.032 GC heap after
{Heap after GC invocations=8 (full 0):
 garbage-first heap   total 260096K, used 45992K [0x00000000c0000000, 0x0000000100000000)
  region size 1024K, 11 young (11264K), 11 survivors (11264K)
 Metaspace       used 58840K, capacity 60095K, committed 60160K, reserved 1101824K
  class space    used 7377K, capacity 7756K, committed 7808K, reserved 1048576K
}

Deoptimization events (10 events):
Event: 8.323 Thread 0x0000022035bfd800 Uncommon trap: reason=unstable_if action=reinterpret pc=0x0000022027bc7af8 method=com.sun.org.apache.xerces.internal.impl.XMLEntityScanner.checkBeforeLoad(Lcom/sun/xml/internal/stream/Entity$ScannedEntity;II)I @ 18 c2
Event: 8.327 Thread 0x0000022035bfd800 Uncommon trap: reason=unstable_if action=reinterpret pc=0x0000022027bd77e4 method=com.sun.org.apache.xerces.internal.impl.XMLEntityScanner.scanContent(Lcom/sun/org/apache/xerces/internal/xni/XMLString;)I @ 44 c2
Event: 8.338 Thread 0x0000022035bfd800 Uncommon trap: reason=unstable_if action=reinterpret pc=0x0000022027b0bf40 method=java.util.zip.ZipFile$ZipFileInflaterInputStream.close()V @ 4 c2
Event: 8.344 Thread 0x0000022035bfd800 Uncommon trap: reason=unstable_if action=reinterpret pc=0x0000022027bbf47c method=jdk.internal.org.objectweb.asm.Type.getArgumentsAndReturnSizes(Ljava/lang/String;)I @ 88 c2
Event: 8.713 Thread 0x0000022035bfd800 Uncommon trap: reason=profile_predicate action=maybe_recompile pc=0x00000220279e4400 method=java.util.regex.Pattern$BnM.optimize(Ljava/util/regex/Pattern$Node;)Ljava/util/regex/Pattern$Node; @ 67 c2
Event: 8.823 Thread 0x0000022035bfd800 Uncommon trap: reason=unstable_if action=reinterpret pc=0x0000022027b51d38 method=java.lang.ClassLoader.checkCerts(Ljava/lang/String;Ljava/security/CodeSource;)V @ 29 c2
Event: 8.824 Thread 0x0000022035bfd800 Uncommon trap: reason=bimorphic_or_optimized_type_check action=maybe_recompile pc=0x0000022027c629d0 method=groovy.lang.MetaClassImpl.filterPropertyMethod(Ljava/lang/Object;ZZ)Ljava/lang/Object; @ 38 c2
Event: 8.825 Thread 0x0000022035bfd800 Uncommon trap: reason=unstable_if action=reinterpret pc=0x0000022027bd3824 method=java.util.regex.Pattern$GroupTail.match(Ljava/util/regex/Matcher;ILjava/lang/CharSequence;)Z @ 73 c2
Event: 8.825 Thread 0x0000022035bfd800 Uncommon trap: reason=unstable_if action=reinterpret pc=0x0000022027bd3824 method=java.util.regex.Pattern$GroupTail.match(Ljava/util/regex/Matcher;ILjava/lang/CharSequence;)Z @ 73 c2
Event: 8.837 Thread 0x0000022035bfd800 Uncommon trap: reason=unstable_if action=reinterpret pc=0x0000022027c62974 method=groovy.lang.MetaClassImpl.filterPropertyMethod(Ljava/lang/Object;ZZ)Ljava/lang/Object; @ 187 c2

Classes redefined (0 events):
No events

Internal exceptions (10 events):
Event: 8.883 Thread 0x0000022035bfd800 Exception <a 'java/lang/ClassNotFoundException'{0x00000000cab57698}: org/codehaus/groovy/runtime/HandleMetaClassBeanInfo> (0x00000000cab57698) thrown at [./open/src/hotspot/share/classfile/systemDictionary.cpp, line 226]
Event: 8.884 Thread 0x0000022035bfd800 Exception <a 'java/lang/ClassNotFoundException'{0x00000000cab664d0}: groovy/lang/DelegatingMetaClassBeanInfo> (0x00000000cab664d0) thrown at [./open/src/hotspot/share/classfile/systemDictionary.cpp, line 226]
Event: 8.884 Thread 0x0000022035bfd800 Exception <a 'java/lang/ClassNotFoundException'{0x00000000cab75360}: groovy/lang/DelegatingMetaClassCustomizer> (0x00000000cab75360) thrown at [./open/src/hotspot/share/classfile/systemDictionary.cpp, line 226]
Event: 8.885 Thread 0x0000022035bfd800 Exception <a 'java/lang/ClassNotFoundException'{0x00000000cabacaa8}: org/codehaus/groovy/runtime/HandleMetaClassCustomizer> (0x00000000cabacaa8) thrown at [./open/src/hotspot/share/classfile/systemDictionary.cpp, line 226]
Event: 8.888 Thread 0x0000022035bfd800 Exception <a 'java/lang/ClassNotFoundException'{0x00000000cabe7300}: java/util/Collections$EmptyListBeanInfo> (0x00000000cabe7300) thrown at [./open/src/hotspot/share/classfile/systemDictionary.cpp, line 226]
Event: 8.888 Thread 0x0000022035bfd800 Exception <a 'java/lang/ClassNotFoundException'{0x00000000cabede98}: java/util/Collections$EmptyListCustomizer> (0x00000000cabede98) thrown at [./open/src/hotspot/share/classfile/systemDictionary.cpp, line 226]
Event: 8.891 Thread 0x0000022035bfd800 Exception <a 'java/lang/ClassNotFoundException'{0x00000000caa66ca8}: groovy/lang/MetaBeanPropertyBeanInfo> (0x00000000caa66ca8) thrown at [./open/src/hotspot/share/classfile/systemDictionary.cpp, line 226]
Event: 8.891 Thread 0x0000022035bfd800 Exception <a 'java/lang/ClassNotFoundException'{0x00000000caa750e0}: groovy/lang/MetaPropertyBeanInfo> (0x00000000caa750e0) thrown at [./open/src/hotspot/share/classfile/systemDictionary.cpp, line 226]
Event: 8.892 Thread 0x0000022035bfd800 Exception <a 'java/lang/ClassNotFoundException'{0x00000000caa83c60}: groovy/lang/MetaPropertyCustomizer> (0x00000000caa83c60) thrown at [./open/src/hotspot/share/classfile/systemDictionary.cpp, line 226]
Event: 8.892 Thread 0x0000022035bfd800 Exception <a 'java/lang/ClassNotFoundException'{0x00000000caa97d38}: groovy/lang/MetaBeanPropertyCustomizer> (0x00000000caa97d38) thrown at [./open/src/hotspot/share/classfile/systemDictionary.cpp, line 226]

Events (10 events):
Event: 8.892 loading class groovy/lang/MetaPropertyCustomizer
Event: 8.892 loading class groovy/lang/MetaPropertyCustomizer done
Event: 8.892 loading class groovy/lang/MetaBeanPropertyCustomizer
Event: 8.892 loading class groovy/lang/MetaBeanPropertyCustomizer done
Event: 8.892 loading class groovy/lang/MetaBeanPropertyCustomizer
Event: 8.892 loading class groovy/lang/MetaBeanPropertyCustomizer done
Event: 8.892 loading class groovy/lang/MetaBeanPropertyCustomizer
Event: 8.892 loading class groovy/lang/MetaBeanPropertyCustomizer done
Event: 8.892 loading class org/codehaus/groovy/runtime/dgm$29
Event: 8.892 loading class org/codehaus/groovy/runtime/dgm$29 done


Dynamic libraries:
0x00007ff6347f0000 - 0x00007ff6347ff000 	C:\Program Files\Java\jdk-11.0.17\bin\java.exe
0x00007ff98bab0000 - 0x00007ff98bca8000 	C:\WINDOWS\SYSTEM32\ntdll.dll
0x00007ff989ea0000 - 0x00007ff989f5d000 	C:\WINDOWS\System32\KERNEL32.DLL
0x00007ff9895b0000 - 0x00007ff9898a6000 	C:\WINDOWS\System32\KERNELBASE.dll
0x00007ff989a10000 - 0x00007ff989b10000 	C:\WINDOWS\System32\ucrtbase.dll
0x00007ff966240000 - 0x00007ff966258000 	C:\Program Files\Java\jdk-11.0.17\bin\jli.dll
0x00007ff966220000 - 0x00007ff966235000 	C:\Program Files\Java\jdk-11.0.17\bin\VCRUNTIME140.dll
0x00007ff98ad70000 - 0x00007ff98ae1f000 	C:\WINDOWS\System32\ADVAPI32.dll
0x00007ff989b80000 - 0x00007ff989c1e000 	C:\WINDOWS\System32\msvcrt.dll
0x00007ff98aca0000 - 0x00007ff98ad3c000 	C:\WINDOWS\System32\sechost.dll
0x00007ff98a7d0000 - 0x00007ff98a8f6000 	C:\WINDOWS\System32\RPCRT4.dll
0x00007ff98a5c0000 - 0x00007ff98a75e000 	C:\WINDOWS\System32\USER32.dll
0x00007ff989460000 - 0x00007ff989482000 	C:\WINDOWS\System32\win32u.dll
0x00007ff976b40000 - 0x00007ff976dda000 	C:\WINDOWS\WinSxS\amd64_microsoft.windows.common-controls_6595b64144ccf1df_6.0.19041.3636_none_60b6a03d71f818d5\COMCTL32.dll
0x00007ff989c40000 - 0x00007ff989c6c000 	C:\WINDOWS\System32\GDI32.dll
0x00007ff989490000 - 0x00007ff9895aa000 	C:\WINDOWS\System32\gdi32full.dll
0x00007ff9892c0000 - 0x00007ff98935d000 	C:\WINDOWS\System32\msvcp_win.dll
0x00007ff982920000 - 0x00007ff98292a000 	C:\WINDOWS\SYSTEM32\VERSION.dll
0x00007ff98ad40000 - 0x00007ff98ad70000 	C:\WINDOWS\System32\IMM32.DLL
0x00007ff959000000 - 0x00007ff95909b000 	C:\Program Files\Java\jdk-11.0.17\bin\msvcp140.dll
0x00007ff92e920000 - 0x00007ff92f43a000 	C:\Program Files\Java\jdk-11.0.17\bin\server\jvm.dll
0x00007ff98a250000 - 0x00007ff98a258000 	C:\WINDOWS\System32\PSAPI.DLL
0x00007ff979910000 - 0x00007ff979919000 	C:\WINDOWS\SYSTEM32\WSOCK32.dll
0x00007ff9787c0000 - 0x00007ff9787e7000 	C:\WINDOWS\SYSTEM32\WINMM.dll
0x00007ff989fe0000 - 0x00007ff98a04b000 	C:\WINDOWS\System32\WS2_32.dll
0x00007ff987050000 - 0x00007ff987062000 	C:\WINDOWS\SYSTEM32\kernel.appcore.dll
0x00007ff976830000 - 0x00007ff976840000 	C:\Program Files\Java\jdk-11.0.17\bin\verify.dll
0x00007ff981810000 - 0x00007ff9819f4000 	C:\WINDOWS\SYSTEM32\DBGHELP.DLL
0x00007ff981a40000 - 0x00007ff981a74000 	C:\WINDOWS\SYSTEM32\dbgcore.DLL
0x00007ff989200000 - 0x00007ff989282000 	C:\WINDOWS\System32\bcryptPrimitives.dll
0x00007ff966150000 - 0x00007ff966178000 	C:\Program Files\Java\jdk-11.0.17\bin\java.dll
0x00007ff9767e0000 - 0x00007ff9767ea000 	C:\Program Files\Java\jdk-11.0.17\bin\jimage.dll
0x00007ff966130000 - 0x00007ff966146000 	C:\Program Files\Java\jdk-11.0.17\bin\zip.dll
0x00007ff98b320000 - 0x00007ff98ba65000 	C:\WINDOWS\System32\SHELL32.dll
0x00007ff987250000 - 0x00007ff9879eb000 	C:\WINDOWS\SYSTEM32\windows.storage.dll
0x00007ff98a260000 - 0x00007ff98a5b4000 	C:\WINDOWS\System32\combase.dll
0x00007ff988bd0000 - 0x00007ff988bfd000 	C:\WINDOWS\SYSTEM32\Wldp.dll
0x00007ff989c70000 - 0x00007ff989d1d000 	C:\WINDOWS\System32\SHCORE.dll
0x00007ff98a900000 - 0x00007ff98a955000 	C:\WINDOWS\System32\shlwapi.dll
0x00007ff9890c0000 - 0x00007ff9890e5000 	C:\WINDOWS\SYSTEM32\profapi.dll
0x00007ff965cd0000 - 0x00007ff965ce9000 	C:\Program Files\Java\jdk-11.0.17\bin\net.dll
0x00007ff981e80000 - 0x00007ff981f8a000 	C:\WINDOWS\SYSTEM32\WINHTTP.dll
0x00007ff988930000 - 0x00007ff98899a000 	C:\WINDOWS\system32\mswsock.dll
0x00007ff965b80000 - 0x00007ff965b92000 	C:\Program Files\Java\jdk-11.0.17\bin\nio.dll
0x00007ff9847d0000 - 0x00007ff9847ee000 	C:\Users\ultra\.gradle\native\25\windows-amd64\native-platform.dll
0x00007ff976660000 - 0x00007ff976669000 	C:\Program Files\Java\jdk-11.0.17\bin\management.dll
0x00007ff975b20000 - 0x00007ff975b2b000 	C:\Program Files\Java\jdk-11.0.17\bin\management_ext.dll
0x00007ff988b20000 - 0x00007ff988b38000 	C:\WINDOWS\SYSTEM32\CRYPTSP.dll
0x00007ff9881f0000 - 0x00007ff988224000 	C:\WINDOWS\system32\rsaenh.dll
0x00007ff989290000 - 0x00007ff9892b7000 	C:\WINDOWS\System32\bcrypt.dll
0x00007ff989040000 - 0x00007ff98906e000 	C:\WINDOWS\SYSTEM32\USERENV.dll
0x00007ff988b40000 - 0x00007ff988b4c000 	C:\WINDOWS\SYSTEM32\CRYPTBASE.dll
0x00007ff9885d0000 - 0x00007ff98860b000 	C:\WINDOWS\SYSTEM32\IPHLPAPI.DLL
0x00007ff989b10000 - 0x00007ff989b18000 	C:\WINDOWS\System32\NSI.dll
0x00007ff982be0000 - 0x00007ff982bf7000 	C:\WINDOWS\SYSTEM32\dhcpcsvc6.DLL
0x00007ff983650000 - 0x00007ff98366d000 	C:\WINDOWS\SYSTEM32\dhcpcsvc.DLL
0x00007ff988620000 - 0x00007ff9886ea000 	C:\WINDOWS\SYSTEM32\DNSAPI.dll

dbghelp: loaded successfully - version: 4.0.5 - missing functions: none
symbol engine: initialized successfully - sym options: 0x614 - pdb path: .;C:\Program Files\Java\jdk-11.0.17\bin;C:\WINDOWS\SYSTEM32;C:\WINDOWS\WinSxS\amd64_microsoft.windows.common-controls_6595b64144ccf1df_6.0.19041.3636_none_60b6a03d71f818d5;C:\Program Files\Java\jdk-11.0.17\bin\server;C:\Users\ultra\.gradle\native\25\windows-amd64

VM Arguments:
jvm_args: --add-opens=java.base/java.util=ALL-UNNAMED -XX:+HeapDumpOnOutOfMemoryError -Xmx1024m -Dfile.encoding=utf8 -Duser.country=KR -Duser.language=ko -Duser.variant 
java_command: org.gradle.launcher.daemon.bootstrap.GradleDaemon 4.10.1
java_class_path (initial): C:\Users\ultra\.gradle\wrapper\dists\gradle-4.10.1-all\455itskqi2qtf0v2sja68alqd\gradle-4.10.1\lib\gradle-launcher-4.10.1.jar
Launcher Type: SUN_STANDARD

[Global flags]
     intx CICompilerCount                          = 12                                        {product} {ergonomic}
     uint ConcGCThreads                            = 3                                         {product} {ergonomic}
     uint G1ConcRefinementThreads                  = 13                                        {product} {ergonomic}
   size_t G1HeapRegionSize                         = 1048576                                   {product} {ergonomic}
    uintx GCDrainStackTargetSize                   = 64                                        {product} {ergonomic}
     bool HeapDumpOnOutOfMemoryError               = true                                   {manageable} {command line}
   size_t InitialHeapSize                          = 266338304                                 {product} {ergonomic}
   size_t MarkStackSize                            = 4194304                                   {product} {ergonomic}
   size_t MaxHeapSize                              = 1073741824                                {product} {command line}
   size_t MaxNewSize                               = 643825664                                 {product} {ergonomic}
   size_t MinHeapDeltaBytes                        = 1048576                                   {product} {ergonomic}
    uintx NonNMethodCodeHeapSize                   = 7594288                                {pd product} {ergonomic}
    uintx NonProfiledCodeHeapSize                  = 122031976                              {pd product} {ergonomic}
    uintx ProfiledCodeHeapSize                     = 122031976                              {pd product} {ergonomic}
    uintx ReservedCodeCacheSize                    = 251658240                              {pd product} {ergonomic}
     bool SegmentedCodeCache                       = true                                      {product} {ergonomic}
     bool UseCompressedClassPointers               = true                                 {lp64_product} {ergonomic}
     bool UseCompressedOops                        = true                                 {lp64_product} {ergonomic}
     bool UseG1GC                                  = true                                      {product} {ergonomic}
     bool UseLargePagesIndividualAllocation        = false                                  {pd product} {ergonomic}

Logging:
Log output configuration:
 #0: stdout all=warning uptime,level,tags
 #1: stderr all=off uptime,level,tags

Environment Variables:
JAVA_HOME=C:/Program Files/Java/jdk-11.0.17
PATH=C:\Program Files\Common Files\Oracle\Java\javapath;C:\Program Files (x86)\NAT Service;C:\WINDOWS\system32;C:\WINDOWS;C:\WINDOWS\System32\Wbem;C:\WINDOWS\System32\WindowsPowerShell\v1.0\;C:\WINDOWS\System32\OpenSSH\;C:\Program Files\TortoiseSVN\bin;C:\Program Files\Bandizip\;C:\Program Files\Java\jdk1.8.0_202\bin;C:\Program Files\Git\cmd;C:\Program Files\nodejs\;C:\Users\ultra\AppData\Local\Microsoft\WindowsApps;C:\Users\ultra\AppData\Local\Programs\Microsoft VS Code\bin;C:\Users\ultra\AppData\Local\GitHubDesktop\bin;C:\Users\ultra\AppData\Roaming\npm
USERNAME=ultra
OS=Windows_NT
PROCESSOR_IDENTIFIER=AMD64 Family 25 Model 80 Stepping 0, AuthenticAMD



---------------  S Y S T E M  ---------------

OS: Windows 10 , 64 bit Build 19041 (10.0.19041.3636)

CPU:total 16 (initial active 16) (16 cores per cpu, 2 threads per core) family 25 model 80 stepping 0 microcode 0x0, cmov, cx8, fxsr, mmx, sse, sse2, sse3, ssse3, sse4.1, sse4.2, popcnt, avx, avx2, aes, clmul, erms, mmxext, 3dnowpref, lzcnt, sse4a, ht, tsc, tscinvbit, tscinv, bmi1, bmi2,

Memory: 4k page, system-wide physical 16236M (638M free)
TotalPageFile size 35430M (AvailPageFile size 8M)
current process WorkingSet (physical memory assigned to process): 378M, peak: 384M
current process commit charge ("private bytes"): 520M, peak: 526M

vm_info: Java HotSpot(TM) 64-Bit Server VM (11.0.17+10-LTS-269) for windows-amd64 JRE (11.0.17+10-LTS-269), built on Sep 13 2022 19:26:37 by "mach5one" with MS VC++ 15.9 (VS2017)

END.
